<?xml version="1.0" encoding="UTF-8"?>
<!-- Generated by org.testng.reporters.JUnitXMLReporter -->
<testsuite hostname="DESKTOP-2KSBLML" name="Default test" tests="1" failures="1" timestamp="8 Jan 2020 18:18:18 GMT" time="3.27" errors="0">
  <testcase name="feature" time="2.971" classname="wagftrestassured.wagftrestassured.TestRun">
    <failure type="cucumber.runtime.CucumberException" message="com.fasterxml.jackson.databind.exc.UnrecognizedPropertyException: Unrecognized field &amp;quot;edited&amp;quot; (class models.Films), not marked as ignorable (2 known properties: &amp;quot;director&amp;quot;, &amp;quot;tittle&amp;quot;])
 at [Source: {&amp;quot;edited&amp;quot;:&amp;quot;2015-04-11T09:46:52.774897Z&amp;quot;,&amp;quot;director&amp;quot;:&amp;quot;George Lucas&amp;quot;,&amp;quot;created&amp;quot;:&amp;quot;2014-12-10T14:23:31.880000Z&amp;quot;,&amp;quot;vehicles&amp;quot;:[&amp;quot;https://swapi.co/api/vehicles/4/&amp;quot;,&amp;quot;https://swapi.co/api/vehicles/6/&amp;quot;,&amp;quot;https://swapi.co/api/vehicles/7/&amp;quot;,&amp;quot;https://swapi.co/api/vehicles/8/&amp;quot;],&amp;quot;opening_crawl&amp;quot;:&amp;quot;It is a period of civil war.\r\nRebel spaceships, striking\r\nfrom a hidden base, have won\r\ntheir first victory against\r\nthe evil Galactic Empire.\r\n\r\nDuring the battle, Rebel\r\nspies managed to steal secret\r\nplans to the Empire&amp;apos;s\r\nultimate weapon, the DEATH\r\nSTAR, an armored space\r\nstation with enough power\r\nto destroy an entire planet.\r\n\r\nPursued by the Empire&amp;apos;s\r\nsinister agents, Princess\r\nLeia races home aboard her\r\nstarship, custodian of the\r\nstolen plans that can save her\r\npeople and restore\r\nfreedom to the galaxy....&amp;quot;,&amp;quot;title&amp;quot;:&amp;quot;A New Hope&amp;quot;,&amp;quot;url&amp;quot;:&amp;quot;https://swapi.co/api/films/1/&amp;quot;,&amp;quot;characters&amp;quot;:[&amp;quot;https://swapi.co/api/people/1/&amp;quot;,&amp;quot;https://swapi.co/api/people/2/&amp;quot;,&amp;quot;https://swapi.co/api/people/3/&amp;quot;,&amp;quot;https://swapi.co/api/people/4/&amp;quot;,&amp;quot;https://swapi.co/api/people/5/&amp;quot;,&amp;quot;https://swapi.co/api/people/6/&amp;quot;,&amp;quot;https://swapi.co/api/people/7/&amp;quot;,&amp;quot;https://swapi.co/api/people/8/&amp;quot;,&amp;quot;https://swapi.co/api/people/9/&amp;quot;,&amp;quot;https://swapi.co/api/people/10/&amp;quot;,&amp;quot;https://swapi.co/api/people/12/&amp;quot;,&amp;quot;https://swapi.co/api/people/13/&amp;quot;,&amp;quot;https://swapi.co/api/people/14/&amp;quot;,&amp;quot;https://swapi.co/api/people/15/&amp;quot;,&amp;quot;https://swapi.co/api/people/16/&amp;quot;,&amp;quot;https://swapi.co/api/people/18/&amp;quot;,&amp;quot;https://swapi.co/api/people/19/&amp;quot;,&amp;quot;https://swapi.co/api/people/81/&amp;quot;],&amp;quot;episode_id&amp;quot;:4,&amp;quot;planets&amp;quot;:[&amp;quot;https://swapi.co/api/planets/2/&amp;quot;,&amp;quot;https://swapi.co/api/planets/3/&amp;quot;,&amp;quot;https://swapi.co/api/planets/1/&amp;quot;],&amp;quot;release_date&amp;quot;:&amp;quot;1977-05-25&amp;quot;,&amp;quot;starships&amp;quot;:[&amp;quot;https://swapi.co/api/starships/2/&amp;quot;,&amp;quot;https://swapi.co/api/starships/3/&amp;quot;,&amp;quot;https://swapi.co/api/starships/5/&amp;quot;,&amp;quot;https://swapi.co/api/starships/9/&amp;quot;,&amp;quot;https://swapi.co/api/starships/10/&amp;quot;,&amp;quot;https://swapi.co/api/starships/11/&amp;quot;,&amp;quot;https://swapi.co/api/starships/12/&amp;quot;,&amp;quot;https://swapi.co/api/starships/13/&amp;quot;],&amp;quot;species&amp;quot;:[&amp;quot;https://swapi.co/api/species/5/&amp;quot;,&amp;quot;https://swapi.co/api/species/3/&amp;quot;,&amp;quot;https://swapi.co/api/species/2/&amp;quot;,&amp;quot;https://swapi.co/api/species/1/&amp;quot;,&amp;quot;https://swapi.co/api/species/4/&amp;quot;],&amp;quot;producer&amp;quot;:&amp;quot;Gary Kurtz, Rick McCallum&amp;quot;}; line: 1, column: 12] (through reference chain: models.Films[&amp;quot;edited&amp;quot;])">
      <![CDATA[cucumber.runtime.CucumberException: com.fasterxml.jackson.databind.exc.UnrecognizedPropertyException: Unrecognized field "edited" (class models.Films), not marked as ignorable (2 known properties: "director", "tittle"])
 at [Source: {"edited":"2015-04-11T09:46:52.774897Z","director":"George Lucas","created":"2014-12-10T14:23:31.880000Z","vehicles":["https://swapi.co/api/vehicles/4/","https://swapi.co/api/vehicles/6/","https://swapi.co/api/vehicles/7/","https://swapi.co/api/vehicles/8/"],"opening_crawl":"It is a period of civil war.\r\nRebel spaceships, striking\r\nfrom a hidden base, have won\r\ntheir first victory against\r\nthe evil Galactic Empire.\r\n\r\nDuring the battle, Rebel\r\nspies managed to steal secret\r\nplans to the Empire's\r\nultimate weapon, the DEATH\r\nSTAR, an armored space\r\nstation with enough power\r\nto destroy an entire planet.\r\n\r\nPursued by the Empire's\r\nsinister agents, Princess\r\nLeia races home aboard her\r\nstarship, custodian of the\r\nstolen plans that can save her\r\npeople and restore\r\nfreedom to the galaxy....","title":"A New Hope","url":"https://swapi.co/api/films/1/","characters":["https://swapi.co/api/people/1/","https://swapi.co/api/people/2/","https://swapi.co/api/people/3/","https://swapi.co/api/people/4/","https://swapi.co/api/people/5/","https://swapi.co/api/people/6/","https://swapi.co/api/people/7/","https://swapi.co/api/people/8/","https://swapi.co/api/people/9/","https://swapi.co/api/people/10/","https://swapi.co/api/people/12/","https://swapi.co/api/people/13/","https://swapi.co/api/people/14/","https://swapi.co/api/people/15/","https://swapi.co/api/people/16/","https://swapi.co/api/people/18/","https://swapi.co/api/people/19/","https://swapi.co/api/people/81/"],"episode_id":4,"planets":["https://swapi.co/api/planets/2/","https://swapi.co/api/planets/3/","https://swapi.co/api/planets/1/"],"release_date":"1977-05-25","starships":["https://swapi.co/api/starships/2/","https://swapi.co/api/starships/3/","https://swapi.co/api/starships/5/","https://swapi.co/api/starships/9/","https://swapi.co/api/starships/10/","https://swapi.co/api/starships/11/","https://swapi.co/api/starships/12/","https://swapi.co/api/starships/13/"],"species":["https://swapi.co/api/species/5/","https://swapi.co/api/species/3/","https://swapi.co/api/species/2/","https://swapi.co/api/species/1/","https://swapi.co/api/species/4/"],"producer":"Gary Kurtz, Rick McCallum"}; line: 1, column: 12] (through reference chain: models.Films["edited"])
	at cucumber.api.testng.TestNGCucumberRunner.runCucumber(TestNGCucumberRunner.java:69)
	at cucumber.api.testng.AbstractTestNGCucumberTests.feature(AbstractTestNGCucumberTests.java:21)
	at sun.reflect.NativeMethodAccessorImpl.invoke0(Native Method)
	at sun.reflect.NativeMethodAccessorImpl.invoke(Unknown Source)
	at sun.reflect.DelegatingMethodAccessorImpl.invoke(Unknown Source)
	at java.lang.reflect.Method.invoke(Unknown Source)
	at org.testng.internal.MethodInvocationHelper.invokeMethod(MethodInvocationHelper.java:85)
	at org.testng.internal.Invoker.invokeMethod(Invoker.java:639)
	at org.testng.internal.Invoker.invokeTestMethod(Invoker.java:816)
	at org.testng.internal.Invoker.invokeTestMethods(Invoker.java:1124)
	at org.testng.internal.TestMethodWorker.invokeTestMethods(TestMethodWorker.java:125)
	at org.testng.internal.TestMethodWorker.run(TestMethodWorker.java:108)
	at org.testng.TestRunner.privateRun(TestRunner.java:774)
	at org.testng.TestRunner.run(TestRunner.java:624)
	at org.testng.SuiteRunner.runTest(SuiteRunner.java:359)
	at org.testng.SuiteRunner.runSequentially(SuiteRunner.java:354)
	at org.testng.SuiteRunner.privateRun(SuiteRunner.java:312)
	at org.testng.SuiteRunner.run(SuiteRunner.java:261)
	at org.testng.SuiteRunnerWorker.runSuite(SuiteRunnerWorker.java:52)
	at org.testng.SuiteRunnerWorker.run(SuiteRunnerWorker.java:86)
	at org.testng.TestNG.runSuitesSequentially(TestNG.java:1191)
	at org.testng.TestNG.runSuitesLocally(TestNG.java:1116)
	at org.testng.TestNG.run(TestNG.java:1024)
	at org.testng.remote.AbstractRemoteTestNG.run(AbstractRemoteTestNG.java:114)
	at org.testng.remote.RemoteTestNG.initAndRun(RemoteTestNG.java:251)
	at org.testng.remote.RemoteTestNG.main(RemoteTestNG.java:77)
Caused by: com.fasterxml.jackson.databind.exc.UnrecognizedPropertyException: Unrecognized field "edited" (class models.Films), not marked as ignorable (2 known properties: "director", "tittle"])
 at [Source: {"edited":"2015-04-11T09:46:52.774897Z","director":"George Lucas","created":"2014-12-10T14:23:31.880000Z","vehicles":["https://swapi.co/api/vehicles/4/","https://swapi.co/api/vehicles/6/","https://swapi.co/api/vehicles/7/","https://swapi.co/api/vehicles/8/"],"opening_crawl":"It is a period of civil war.\r\nRebel spaceships, striking\r\nfrom a hidden base, have won\r\ntheir first victory against\r\nthe evil Galactic Empire.\r\n\r\nDuring the battle, Rebel\r\nspies managed to steal secret\r\nplans to the Empire's\r\nultimate weapon, the DEATH\r\nSTAR, an armored space\r\nstation with enough power\r\nto destroy an entire planet.\r\n\r\nPursued by the Empire's\r\nsinister agents, Princess\r\nLeia races home aboard her\r\nstarship, custodian of the\r\nstolen plans that can save her\r\npeople and restore\r\nfreedom to the galaxy....","title":"A New Hope","url":"https://swapi.co/api/films/1/","characters":["https://swapi.co/api/people/1/","https://swapi.co/api/people/2/","https://swapi.co/api/people/3/","https://swapi.co/api/people/4/","https://swapi.co/api/people/5/","https://swapi.co/api/people/6/","https://swapi.co/api/people/7/","https://swapi.co/api/people/8/","https://swapi.co/api/people/9/","https://swapi.co/api/people/10/","https://swapi.co/api/people/12/","https://swapi.co/api/people/13/","https://swapi.co/api/people/14/","https://swapi.co/api/people/15/","https://swapi.co/api/people/16/","https://swapi.co/api/people/18/","https://swapi.co/api/people/19/","https://swapi.co/api/people/81/"],"episode_id":4,"planets":["https://swapi.co/api/planets/2/","https://swapi.co/api/planets/3/","https://swapi.co/api/planets/1/"],"release_date":"1977-05-25","starships":["https://swapi.co/api/starships/2/","https://swapi.co/api/starships/3/","https://swapi.co/api/starships/5/","https://swapi.co/api/starships/9/","https://swapi.co/api/starships/10/","https://swapi.co/api/starships/11/","https://swapi.co/api/starships/12/","https://swapi.co/api/starships/13/"],"species":["https://swapi.co/api/species/5/","https://swapi.co/api/species/3/","https://swapi.co/api/species/2/","https://swapi.co/api/species/1/","https://swapi.co/api/species/4/"],"producer":"Gary Kurtz, Rick McCallum"}; line: 1, column: 12] (through reference chain: models.Films["edited"])
	at com.fasterxml.jackson.databind.exc.UnrecognizedPropertyException.from(UnrecognizedPropertyException.java:62)
	at com.fasterxml.jackson.databind.DeserializationContext.handleUnknownProperty(DeserializationContext.java:834)
	at com.fasterxml.jackson.databind.deser.std.StdDeserializer.handleUnknownProperty(StdDeserializer.java:1093)
	at com.fasterxml.jackson.databind.deser.BeanDeserializerBase.handleUnknownProperty(BeanDeserializerBase.java:1477)
	at com.fasterxml.jackson.databind.deser.BeanDeserializerBase.handleUnknownVanilla(BeanDeserializerBase.java:1455)
	at com.fasterxml.jackson.databind.deser.BeanDeserializer.vanillaDeserialize(BeanDeserializer.java:282)
	at com.fasterxml.jackson.databind.deser.BeanDeserializer.deserialize(BeanDeserializer.java:140)
	at com.fasterxml.jackson.databind.ObjectMapper._readMapAndClose(ObjectMapper.java:3798)
	at com.fasterxml.jackson.databind.ObjectMapper.readValue(ObjectMapper.java:2880)
	at com.fasterxml.jackson.databind.ObjectMapper$readValue$0.call(Unknown Source)
	at org.codehaus.groovy.runtime.callsite.CallSiteArray.defaultCall(CallSiteArray.java:45)
	at org.codehaus.groovy.runtime.callsite.AbstractCallSite.call(AbstractCallSite.java:110)
	at org.codehaus.groovy.runtime.callsite.AbstractCallSite.call(AbstractCallSite.java:130)
	at com.jayway.restassured.internal.path.json.mapping.JsonPathJackson2ObjectDeserializer.deserialize(JsonPathJackson2ObjectDeserializer.groovy:43)
	at com.jayway.restassured.path.json.mapping.JsonPathObjectDeserializer$deserialize.call(Unknown Source)
	at org.codehaus.groovy.runtime.callsite.CallSiteArray.defaultCall(CallSiteArray.java:45)
	at org.codehaus.groovy.runtime.callsite.AbstractCallSite.call(AbstractCallSite.java:110)
	at org.codehaus.groovy.runtime.callsite.AbstractCallSite.call(AbstractCallSite.java:122)
	at com.jayway.restassured.internal.path.json.mapping.JsonObjectDeserializer.deserializeWithJackson2(JsonObjectDeserializer.groovy:98)
	at com.jayway.restassured.internal.path.json.mapping.JsonObjectDeserializer$deserializeWithJackson2.callStatic(Unknown Source)
	at org.codehaus.groovy.runtime.callsite.CallSiteArray.defaultCallStatic(CallSiteArray.java:53)
	at org.codehaus.groovy.runtime.callsite.AbstractCallSite.callStatic(AbstractCallSite.java:191)
	at org.codehaus.groovy.runtime.callsite.AbstractCallSite.callStatic(AbstractCallSite.java:211)
	at com.jayway.restassured.internal.path.json.mapping.JsonObjectDeserializer.deserialize(JsonObjectDeserializer.groovy:67)
	at com.jayway.restassured.path.json.JsonPath.getObject(JsonPath.java:543)
	at wagftrestassured.wagftrestassured.steps.SwapiStep.linkApi(SwapiStep.java:18)
	at ✽.Dado o link da api swapi co(swapi.feature:5)
]]>
    </failure>
  </testcase> <!-- feature -->
</testsuite> <!-- Default test -->
